2017-02-06 08:10:51.9674|INFO|Microsoft.AspNetCore.Hosting.Internal.WebHost|Request starting HTTP/1.1 DEBUG http://localhost:5000/  0
2017-02-06 08:10:51.9674|INFO|Microsoft.AspNetCore.Hosting.Internal.WebHost|Request starting HTTP/1.1 GET http://localhost:5000/  
2017-02-06 08:10:52.1425|INFO|Microsoft.AspNetCore.Hosting.Internal.WebHost|Request finished in 213.7551ms 200 
2017-02-06 08:10:52.2866|INFO|Microsoft.AspNetCore.Hosting.Internal.WebHost|Request finished in 365.5023ms 404 text/plain
2017-02-06 08:11:00.1632|INFO|Microsoft.AspNetCore.Hosting.Internal.WebHost|Request starting HTTP/1.1 GET http://localhost:5000/api/cities/4/pointsofinterest/1  
2017-02-06 08:11:00.3353|INFO|Microsoft.AspNetCore.Mvc.Internal.ControllerActionInvoker|Executing action method CityInfo.API.Controllers.PointsOfInterestController.GetPointOfInterest (CityInfo.API) with arguments (4, 1) - ModelState is Valid
2017-02-06 08:11:00.3493|INFO|Microsoft.AspNetCore.Mvc.StatusCodeResult|Executing HttpStatusCodeResult, setting HTTP status code 404
2017-02-06 08:11:00.3613|INFO|Microsoft.AspNetCore.Mvc.Internal.ControllerActionInvoker|Executed action CityInfo.API.Controllers.PointsOfInterestController.GetPointOfInterest (CityInfo.API) in 134.0167ms
2017-02-06 08:11:00.3613|INFO|Microsoft.AspNetCore.Hosting.Internal.WebHost|Request finished in 206.426ms 404 text/plain
2017-02-06 08:11:12.7531|INFO|Microsoft.AspNetCore.Hosting.Internal.WebHost|Request starting HTTP/1.1 GET http://localhost:5000/api/cities/4/pointsofinterest  
2017-02-06 08:11:12.7531|INFO|Microsoft.AspNetCore.Mvc.Internal.ControllerActionInvoker|Executing action method CityInfo.API.Controllers.PointsOfInterestController.GetPointsOfInterest (CityInfo.API) with arguments (4) - ModelState is Valid
2017-02-06 08:11:12.7531|WARN|CityInfo.API.Controllers.PointsOfInterestController|City with id 4 was not found when accessing points of interest.
2017-02-06 08:11:12.7631|INFO|Microsoft.AspNetCore.Mvc.StatusCodeResult|Executing HttpStatusCodeResult, setting HTTP status code 404
2017-02-06 08:11:12.7631|INFO|Microsoft.AspNetCore.Mvc.Internal.ControllerActionInvoker|Executed action CityInfo.API.Controllers.PointsOfInterestController.GetPointsOfInterest (CityInfo.API) in 7.4514ms
2017-02-06 08:11:12.7631|INFO|Microsoft.AspNetCore.Hosting.Internal.WebHost|Request finished in 15.39ms 404 text/plain
2017-02-06 08:13:06.8385|INFO|Microsoft.AspNetCore.Hosting.Internal.WebHost|Request starting HTTP/1.1 DEBUG http://localhost:5000/  0
2017-02-06 08:13:06.8385|INFO|Microsoft.AspNetCore.Hosting.Internal.WebHost|Request starting HTTP/1.1 GET http://localhost:5000/  
2017-02-06 08:13:06.9756|INFO|Microsoft.AspNetCore.Hosting.Internal.WebHost|Request finished in 176.8535ms 200 
2017-02-06 08:13:07.1027|INFO|Microsoft.AspNetCore.Hosting.Internal.WebHost|Request finished in 310.8621ms 404 text/plain
2017-02-06 08:13:16.1871|INFO|Microsoft.AspNetCore.Hosting.Internal.WebHost|Request starting HTTP/1.1 GET http://localhost:5000/api/cities/4/pointsofinterest  
2017-02-06 08:13:16.3453|INFO|Microsoft.AspNetCore.Mvc.Internal.ControllerActionInvoker|Executing action method CityInfo.API.Controllers.PointsOfInterestController.GetPointsOfInterest (CityInfo.API) with arguments (4) - ModelState is Valid
2017-02-06 08:13:16.3453|INFO|CityInfo.API.Controllers.PointsOfInterestController|City with id 4 was not found when accessing points of interest.
2017-02-06 08:13:16.3633|INFO|Microsoft.AspNetCore.Mvc.StatusCodeResult|Executing HttpStatusCodeResult, setting HTTP status code 404
2017-02-06 08:13:16.3733|INFO|Microsoft.AspNetCore.Mvc.Internal.ControllerActionInvoker|Executed action CityInfo.API.Controllers.PointsOfInterestController.GetPointsOfInterest (CityInfo.API) in 128.4724ms
2017-02-06 08:13:16.3733|INFO|Microsoft.AspNetCore.Hosting.Internal.WebHost|Request finished in 192.8155ms 404 text/plain
2017-02-06 08:47:10.0466|INFO|Microsoft.AspNetCore.Hosting.Internal.WebHost|Request starting HTTP/1.1 GET http://localhost:5000/  
2017-02-06 08:47:10.0466|INFO|Microsoft.AspNetCore.Hosting.Internal.WebHost|Request starting HTTP/1.1 DEBUG http://localhost:5000/  0
2017-02-06 08:47:10.1847|INFO|Microsoft.AspNetCore.Hosting.Internal.WebHost|Request finished in 181.2698ms 200 
2017-02-06 08:47:10.3318|INFO|Microsoft.AspNetCore.Hosting.Internal.WebHost|Request finished in 333.0412ms 404 text/plain
2017-02-06 08:47:32.6846|INFO|Microsoft.AspNetCore.Hosting.Internal.WebHost|Request starting HTTP/1.1 GET http://localhost:5000/api/cities/1/pointsofinterest  
2017-02-06 08:47:32.8367|INFO|Microsoft.AspNetCore.Mvc.Internal.ControllerActionInvoker|Executing action method CityInfo.API.Controllers.PointsOfInterestController.GetPointsOfInterest (CityInfo.API) with arguments (1) - ModelState is Valid
2017-02-06 08:47:32.8617|INFO|Microsoft.AspNetCore.Mvc.Internal.ObjectResultExecutor|Executing ObjectResult, writing value Microsoft.AspNetCore.Mvc.ControllerContext.
2017-02-06 08:47:32.9998|INFO|Microsoft.AspNetCore.Mvc.Internal.ControllerActionInvoker|Executed action CityInfo.API.Controllers.PointsOfInterestController.GetPointsOfInterest (CityInfo.API) in 263.1797ms
2017-02-06 08:47:32.9998|INFO|Microsoft.AspNetCore.Hosting.Internal.WebHost|Request finished in 320.675ms 200 application/json; charset=utf-8
2017-02-06 08:47:38.6158|INFO|Microsoft.AspNetCore.Hosting.Internal.WebHost|Request starting HTTP/1.1 DELETE http://localhost:5000/api/cities/1/pointsofinterest/1  
2017-02-06 08:47:38.6158|INFO|Microsoft.AspNetCore.Mvc.Internal.ControllerActionInvoker|Executing action method CityInfo.API.Controllers.PointsOfInterestController.DeletePointOfInterest (CityInfo.API) with arguments (1, 1) - ModelState is Valid
2017-02-06 08:48:02.9990|INFO|Microsoft.AspNetCore.Mvc.StatusCodeResult|Executing HttpStatusCodeResult, setting HTTP status code 204
2017-02-06 08:48:02.9990|INFO|Microsoft.AspNetCore.Mvc.Internal.ControllerActionInvoker|Executed action CityInfo.API.Controllers.PointsOfInterestController.DeletePointOfInterest (CityInfo.API) in 24383.8101ms
2017-02-06 08:48:03.0280|INFO|Microsoft.AspNetCore.Hosting.Internal.WebHost|Request finished in 24391.5372ms 204 
2017-02-06 08:54:33.9583|INFO|Microsoft.AspNetCore.Hosting.Internal.WebHost|Request starting HTTP/1.1 DEBUG http://localhost:5000/  0
2017-02-06 08:54:33.9583|INFO|Microsoft.AspNetCore.Hosting.Internal.WebHost|Request starting HTTP/1.1 GET http://localhost:5000/  
2017-02-06 08:54:34.0944|INFO|Microsoft.AspNetCore.Hosting.Internal.WebHost|Request finished in 176.0815ms 200 
2017-02-06 08:54:34.2345|INFO|Microsoft.AspNetCore.Hosting.Internal.WebHost|Request finished in 321.4761ms 404 text/plain
2017-02-06 08:54:41.1174|INFO|Microsoft.AspNetCore.Hosting.Internal.WebHost|Request starting HTTP/1.1 GET http://localhost:5000/api/cities/1/pointsofinterest  
2017-02-06 08:54:41.2685|INFO|Microsoft.AspNetCore.Mvc.Internal.ControllerActionInvoker|Executing action method CityInfo.API.Controllers.PointsOfInterestController.GetPointsOfInterest (CityInfo.API) with arguments (1) - ModelState is Valid
2017-02-06 08:54:41.3015|INFO|Microsoft.AspNetCore.Mvc.Internal.ObjectResultExecutor|Executing ObjectResult, writing value Microsoft.AspNetCore.Mvc.ControllerContext.
2017-02-06 08:54:41.4456|INFO|Microsoft.AspNetCore.Mvc.Internal.ControllerActionInvoker|Executed action CityInfo.API.Controllers.PointsOfInterestController.GetPointsOfInterest (CityInfo.API) in 277.6837ms
2017-02-06 08:54:41.4536|INFO|Microsoft.AspNetCore.Hosting.Internal.WebHost|Request finished in 335.2257ms 200 application/json; charset=utf-8
2017-02-06 08:54:45.9048|INFO|Microsoft.AspNetCore.Hosting.Internal.WebHost|Request starting HTTP/1.1 DELETE http://localhost:5000/api/cities/1/pointsofinterest/1  
2017-02-06 08:54:45.9048|INFO|Microsoft.AspNetCore.Mvc.Internal.ControllerActionInvoker|Executing action method CityInfo.API.Controllers.PointsOfInterestController.DeletePointOfInterest (CityInfo.API) with arguments (1, 1) - ModelState is Valid
2017-02-06 08:54:57.0066|INFO|Microsoft.AspNetCore.Mvc.StatusCodeResult|Executing HttpStatusCodeResult, setting HTTP status code 204
2017-02-06 08:54:57.0066|INFO|Microsoft.AspNetCore.Mvc.Internal.ControllerActionInvoker|Executed action CityInfo.API.Controllers.PointsOfInterestController.DeletePointOfInterest (CityInfo.API) in 11100.8703ms
2017-02-06 08:54:57.0156|INFO|Microsoft.AspNetCore.Hosting.Internal.WebHost|Request finished in 11111.1128ms 204 
2017-02-06 08:55:13.7474|INFO|Microsoft.AspNetCore.Hosting.Internal.WebHost|Request starting HTTP/1.1 GET http://localhost:5000/api/cities/1/pointsofinterest  
2017-02-06 08:55:13.7474|INFO|Microsoft.AspNetCore.Mvc.Internal.ControllerActionInvoker|Executing action method CityInfo.API.Controllers.PointsOfInterestController.GetPointsOfInterest (CityInfo.API) with arguments (1) - ModelState is Valid
2017-02-06 08:55:13.7474|INFO|Microsoft.AspNetCore.Mvc.Internal.ObjectResultExecutor|Executing ObjectResult, writing value Microsoft.AspNetCore.Mvc.ControllerContext.
2017-02-06 08:55:13.7474|INFO|Microsoft.AspNetCore.Mvc.Internal.ControllerActionInvoker|Executed action CityInfo.API.Controllers.PointsOfInterestController.GetPointsOfInterest (CityInfo.API) in 4.9288ms
2017-02-06 08:55:13.7474|INFO|Microsoft.AspNetCore.Hosting.Internal.WebHost|Request finished in 11.7151ms 200 application/json; charset=utf-8
2017-02-06 09:26:13.3273|INFO|Microsoft.AspNetCore.Hosting.Internal.WebHost|Request starting HTTP/1.1 GET http://localhost:5000/  
2017-02-06 09:26:13.3273|INFO|Microsoft.AspNetCore.Hosting.Internal.WebHost|Request starting HTTP/1.1 DEBUG http://localhost:5000/  0
2017-02-06 09:26:13.4754|INFO|Microsoft.AspNetCore.Hosting.Internal.WebHost|Request finished in 189.5186ms 200 
2017-02-06 09:26:13.6185|INFO|Microsoft.AspNetCore.Hosting.Internal.WebHost|Request finished in 337.9042ms 404 text/plain
2017-02-06 09:26:19.1674|INFO|Microsoft.AspNetCore.Hosting.Internal.WebHost|Request starting HTTP/1.1 GET http://localhost:5000/api/cities/1/pointsofinterest  
2017-02-06 09:26:19.3195|INFO|Microsoft.AspNetCore.Mvc.Internal.ControllerActionInvoker|Executing action method CityInfo.API.Controllers.PointsOfInterestController.GetPointsOfInterest (CityInfo.API) with arguments (1) - ModelState is Valid
2017-02-06 09:26:19.3455|INFO|Microsoft.AspNetCore.Mvc.Internal.ObjectResultExecutor|Executing ObjectResult, writing value Microsoft.AspNetCore.Mvc.ControllerContext.
2017-02-06 09:26:19.4806|INFO|Microsoft.AspNetCore.Mvc.Internal.ControllerActionInvoker|Executed action CityInfo.API.Controllers.PointsOfInterestController.GetPointsOfInterest (CityInfo.API) in 259.7174ms
2017-02-06 09:26:19.4856|INFO|Microsoft.AspNetCore.Hosting.Internal.WebHost|Request finished in 319.1098ms 200 application/json; charset=utf-8
2017-02-06 09:26:22.8170|INFO|Microsoft.AspNetCore.Hosting.Internal.WebHost|Request starting HTTP/1.1 DELETE http://localhost:5000/api/cities/1/pointsofinterest/1  
2017-02-06 09:26:22.8170|INFO|Microsoft.AspNetCore.Mvc.Internal.ControllerActionInvoker|Executing action method CityInfo.API.Controllers.PointsOfInterestController.DeletePointOfInterest (CityInfo.API) with arguments (1, 1) - ModelState is Valid
2017-02-06 09:26:22.8360|INFO|Microsoft.AspNetCore.Mvc.StatusCodeResult|Executing HttpStatusCodeResult, setting HTTP status code 204
2017-02-06 09:26:22.8410|INFO|Microsoft.AspNetCore.Mvc.Internal.ControllerActionInvoker|Executed action CityInfo.API.Controllers.PointsOfInterestController.DeletePointOfInterest (CityInfo.API) in 19.3911ms
2017-02-06 09:26:22.8410|INFO|Microsoft.AspNetCore.Hosting.Internal.WebHost|Request finished in 27.3737ms 204 
2017-02-06 09:26:26.9249|INFO|Microsoft.AspNetCore.Hosting.Internal.WebHost|Request starting HTTP/1.1 GET http://localhost:5000/api/cities/1/pointsofinterest  
2017-02-06 09:26:26.9249|INFO|Microsoft.AspNetCore.Mvc.Internal.ControllerActionInvoker|Executing action method CityInfo.API.Controllers.PointsOfInterestController.GetPointsOfInterest (CityInfo.API) with arguments (1) - ModelState is Valid
2017-02-06 09:26:26.9249|INFO|Microsoft.AspNetCore.Mvc.Internal.ObjectResultExecutor|Executing ObjectResult, writing value Microsoft.AspNetCore.Mvc.ControllerContext.
2017-02-06 09:26:26.9349|INFO|Microsoft.AspNetCore.Mvc.Internal.ControllerActionInvoker|Executed action CityInfo.API.Controllers.PointsOfInterestController.GetPointsOfInterest (CityInfo.API) in 6.8541ms
2017-02-06 09:26:26.9349|INFO|Microsoft.AspNetCore.Hosting.Internal.WebHost|Request finished in 12.9818ms 200 application/json; charset=utf-8
2017-02-06 09:50:39.4263|INFO|Microsoft.AspNetCore.Hosting.Internal.WebHost|Request starting HTTP/1.1 GET http://localhost:5000/  
2017-02-06 09:50:39.4263|INFO|Microsoft.AspNetCore.Hosting.Internal.WebHost|Request starting HTTP/1.1 DEBUG http://localhost:5000/  0
2017-02-06 09:50:39.5684|INFO|Microsoft.AspNetCore.Hosting.Internal.WebHost|Request finished in 182.5404ms 200 
2017-02-06 09:50:39.7155|INFO|Microsoft.AspNetCore.Hosting.Internal.WebHost|Request finished in 334.8206ms 404 text/plain
2017-02-06 09:50:48.4367|INFO|Microsoft.AspNetCore.Hosting.Internal.WebHost|Request starting HTTP/1.1 GET http://localhost:5000/api/cities/1/pointsofinterest  
2017-02-06 09:50:48.6308|INFO|Microsoft.AspNetCore.Mvc.Internal.ControllerActionInvoker|Executing action method CityInfo.API.Controllers.PointsOfInterestController.GetPointsOfInterest (CityInfo.API) with arguments (1) - ModelState is Valid
2017-02-06 09:50:48.6568|INFO|Microsoft.AspNetCore.Mvc.Internal.ObjectResultExecutor|Executing ObjectResult, writing value Microsoft.AspNetCore.Mvc.ControllerContext.
2017-02-06 09:50:48.7999|INFO|Microsoft.AspNetCore.Mvc.Internal.ControllerActionInvoker|Executed action CityInfo.API.Controllers.PointsOfInterestController.GetPointsOfInterest (CityInfo.API) in 298.9098ms
2017-02-06 09:50:48.7999|INFO|Microsoft.AspNetCore.Hosting.Internal.WebHost|Request finished in 369.2129ms 200 application/json; charset=utf-8
2017-02-06 09:50:53.2581|INFO|Microsoft.AspNetCore.Hosting.Internal.WebHost|Request starting HTTP/1.1 DELETE http://localhost:5000/api/cities/1/pointsofinterest/1  
2017-02-06 09:50:53.2661|INFO|Microsoft.AspNetCore.Mvc.Internal.ControllerActionInvoker|Executing action method CityInfo.API.Controllers.PointsOfInterestController.DeletePointOfInterest (CityInfo.API) with arguments (1, 1) - ModelState is Valid
2017-02-06 09:50:53.2801|INFO|Microsoft.AspNetCore.Mvc.StatusCodeResult|Executing HttpStatusCodeResult, setting HTTP status code 204
2017-02-06 09:50:53.2801|INFO|Microsoft.AspNetCore.Mvc.Internal.ControllerActionInvoker|Executed action CityInfo.API.Controllers.PointsOfInterestController.DeletePointOfInterest (CityInfo.API) in 18.7716ms
2017-02-06 09:50:53.2801|INFO|Microsoft.AspNetCore.Hosting.Internal.WebHost|Request finished in 27.9507ms 204 
2017-02-06 09:52:28.8666|INFO|Microsoft.AspNetCore.Hosting.Internal.WebHost|Request starting HTTP/1.1 GET http://localhost:5000/  
2017-02-06 09:52:28.8666|INFO|Microsoft.AspNetCore.Hosting.Internal.WebHost|Request starting HTTP/1.1 DEBUG http://localhost:5000/  0
2017-02-06 09:52:29.0067|INFO|Microsoft.AspNetCore.Hosting.Internal.WebHost|Request finished in 181.6883ms 200 
2017-02-06 09:52:29.1608|INFO|Microsoft.AspNetCore.Hosting.Internal.WebHost|Request finished in 341.3494ms 404 text/plain
2017-02-06 09:52:36.2988|INFO|Microsoft.AspNetCore.Hosting.Internal.WebHost|Request starting HTTP/1.1 DELETE http://localhost:5000/api/cities/1/pointsofinterest/1  
2017-02-06 09:52:36.4509|INFO|Microsoft.AspNetCore.Mvc.Internal.ControllerActionInvoker|Executing action method CityInfo.API.Controllers.PointsOfInterestController.DeletePointOfInterest (CityInfo.API) with arguments (1, 1) - ModelState is Valid
2017-02-06 09:52:36.4699|INFO|Microsoft.AspNetCore.Mvc.StatusCodeResult|Executing HttpStatusCodeResult, setting HTTP status code 204
2017-02-06 09:52:36.4819|INFO|Microsoft.AspNetCore.Mvc.Internal.ControllerActionInvoker|Executed action CityInfo.API.Controllers.PointsOfInterestController.DeletePointOfInterest (CityInfo.API) in 130.7056ms
2017-02-06 09:52:36.4819|INFO|Microsoft.AspNetCore.Hosting.Internal.WebHost|Request finished in 193.894ms 204 
